# JRE version: OpenJDK Runtime Environment (8.0_292-b10) (build 1.8.0_292-8u292-b10-0ubuntu1~14.04-b10)
# Java VM: OpenJDK Server VM (25.292-b10 mixed mode linux-x86 )
Heap:
 PSYoungGen      total 307968K, used 28694K [0x92380000, 0xa6e00000, 0xa6e00000)
  eden space 286208K, 2% used [0x92380000,0x92a7cec0,0xa3b00000)
  from space 21760K, 98% used [0xa3b00000,0xa5008ad0,0xa5040000)
  to   space 28416K, 0% used [0xa5240000,0xa5240000,0xa6e00000)
 ParOldGen       total 71168K, used 45640K [0x68e00000, 0x6d380000, 0x92380000)
  object space 71168K, 64% used [0x68e00000,0x6ba92040,0x6d380000)
 Metaspace       used 15409K, capacity 15688K, committed 15768K, reserved 16688K
GC Heap History (10 events):
Event: 24,744 GC heap before
{Heap before GC invocations=10 (full 0):
 PSYoungGen      total 134656K, used 134645K [0x92380000, 0xa0140000, 0xa6e00000)
  eden space 124928K, 100% used [0x92380000,0x99d80000,0x99d80000)
  from space 9728K, 99% used [0x99d80000,0x9a6fd5b0,0x9a700000)
  to   space 13568K, 0% used [0x9f400000,0x9f400000,0xa0140000)
 ParOldGen       total 42496K, used 23060K [0x68e00000, 0x6b780000, 0x92380000)
  object space 42496K, 54% used [0x68e00000,0x6a4851c0,0x6b780000)
 Metaspace       used 11198K, capacity 11484K, committed 11544K, reserved 11568K
Event: 24,807 GC heap after
Heap after GC invocations=10 (full 0):
 PSYoungGen      total 212736K, used 11158K [0x92380000, 0xa02c0000, 0xa6e00000)
  eden space 199168K, 0% used [0x92380000,0x92380000,0x9e600000)
  from space 13568K, 82% used [0x9f400000,0x9fee59d8,0xa0140000)
  to   space 14336K, 0% used [0x9e600000,0x9e600000,0x9f400000)
 ParOldGen       total 42496K, used 24692K [0x68e00000, 0x6b780000, 0x92380000)
  object space 42496K, 58% used [0x68e00000,0x6a61d1f8,0x6b780000)
 Metaspace       used 11198K, capacity 11484K, committed 11544K, reserved 11568K
}
Event: 29,813 GC heap before
{Heap before GC invocations=11 (full 0):
 PSYoungGen      total 212736K, used 210326K [0x92380000, 0xa02c0000, 0xa6e00000)
  eden space 199168K, 100% used [0x92380000,0x9e600000,0x9e600000)
  from space 13568K, 82% used [0x9f400000,0x9fee59d8,0xa0140000)
  to   space 14336K, 0% used [0x9e600000,0x9e600000,0x9f400000)
 ParOldGen       total 42496K, used 24692K [0x68e00000, 0x6b780000, 0x92380000)
  object space 42496K, 58% used [0x68e00000,0x6a61d1f8,0x6b780000)
 Metaspace       used 11202K, capacity 11484K, committed 11544K, reserved 11568K
Event: 30,358 GC heap after
Heap after GC invocations=11 (full 0):
 PSYoungGen      total 213504K, used 14335K [0x92380000, 0xa6e00000, 0xa6e00000)
  eden space 199168K, 0% used [0x92380000,0x92380000,0x9e600000)
  from space 14336K, 99% used [0x9e600000,0x9f3fffd0,0x9f400000)
  to   space 21248K, 0% used [0xa5940000,0xa5940000,0xa6e00000)
 ParOldGen       total 42496K, used 38206K [0x68e00000, 0x6b780000, 0x92380000)
  object space 42496K, 89% used [0x68e00000,0x6b34faf8,0x6b780000)
 Metaspace       used 11202K, capacity 11484K, committed 11544K, reserved 11568K
}
Event: 30,358 GC heap before
{Heap before GC invocations=12 (full 1):
 PSYoungGen      total 213504K, used 14335K [0x92380000, 0xa6e00000, 0xa6e00000)
  eden space 199168K, 0% used [0x92380000,0x92380000,0x9e600000)
  from space 14336K, 99% used [0x9e600000,0x9f3fffd0,0x9f400000)
  to   space 21248K, 0% used [0xa5940000,0xa5940000,0xa6e00000)
 ParOldGen       total 42496K, used 38206K [0x68e00000, 0x6b780000, 0x92380000)
  object space 42496K, 89% used [0x68e00000,0x6b34faf8,0x6b780000)
 Metaspace       used 11202K, capacity 11484K, committed 11544K, reserved 11568K
Event: 31,142 GC heap after
Heap after GC invocations=12 (full 1):
 PSYoungGen      total 213504K, used 0K [0x92380000, 0xa6e00000, 0xa6e00000)
  eden space 199168K, 0% used [0x92380000,0x92380000,0x9e600000)
  from space 14336K, 0% used [0x9e600000,0x9e600000,0x9f400000)
  to   space 21248K, 0% used [0xa5940000,0xa5940000,0xa6e00000)
 ParOldGen       total 71168K, used 40217K [0x68e00000, 0x6d380000, 0x92380000)
  object space 71168K, 56% used [0x68e00000,0x6b546530,0x6d380000)
 Metaspace       used 11202K, capacity 11484K, committed 11544K, reserved 11568K
}
Event: 105,675 GC heap before
{Heap before GC invocations=13 (full 1):
 PSYoungGen      total 213504K, used 199168K [0x92380000, 0xa6e00000, 0xa6e00000)
  eden space 199168K, 100% used [0x92380000,0x9e600000,0x9e600000)
  from space 14336K, 0% used [0x9e600000,0x9e600000,0x9f400000)
  to   space 21248K, 0% used [0xa5940000,0xa5940000,0xa6e00000)
 ParOldGen       total 71168K, used 40217K [0x68e00000, 0x6d380000, 0x92380000)
  object space 71168K, 56% used [0x68e00000,0x6b546530,0x6d380000)
 Metaspace       used 11202K, capacity 11484K, committed 11544K, reserved 11568K
Event: 105,852 GC heap after
Heap after GC invocations=13 (full 1):
 PSYoungGen      total 291840K, used 21232K [0x92380000, 0xa6e00000, 0xa6e00000)
  eden space 270592K, 0% used [0x92380000,0x92380000,0xa2bc0000)
  from space 21248K, 99% used [0xa5940000,0xa6dfc118,0xa6e00000)
  to   space 26112K, 0% used [0xa3b00000,0xa3b00000,0xa5480000)
 ParOldGen       total 71168K, used 44876K [0x68e00000, 0x6d380000, 0x92380000)
  object space 71168K, 63% used [0x68e00000,0x6b9d33b0,0x6d380000)
 Metaspace       used 11202K, capacity 11484K, committed 11544K, reserved 11568K
}
Event: 256,199 GC heap before
{Heap before GC invocations=14 (full 1):
 PSYoungGen      total 291840K, used 291824K [0x92380000, 0xa6e00000, 0xa6e00000)
  eden space 270592K, 100% used [0x92380000,0xa2bc0000,0xa2bc0000)
  from space 21248K, 99% used [0xa5940000,0xa6dfc118,0xa6e00000)
  to   space 26112K, 0% used [0xa3b00000,0xa3b00000,0xa5480000)
 ParOldGen       total 71168K, used 44876K [0x68e00000, 0x6d380000, 0x92380000)
  object space 71168K, 63% used [0x68e00000,0x6b9d33b0,0x6d380000)
 Metaspace       used 15356K, capacity 15656K, committed 15768K, reserved 16688K
Event: 256,658 GC heap after
Heap after GC invocations=14 (full 1):
 PSYoungGen      total 307968K, used 21538K [0x92380000, 0xa6e00000, 0xa6e00000)
  eden space 286208K, 0% used [0x92380000,0x92380000,0xa3b00000)
  from space 21760K, 98% used [0xa3b00000,0xa5008ad0,0xa5040000)
  to   space 28416K, 0% used [0xa5240000,0xa5240000,0xa6e00000)
 ParOldGen       total 71168K, used 45640K [0x68e00000, 0x6d380000, 0x92380000)
  object space 71168K, 64% used [0x68e00000,0x6ba92040,0x6d380000)
 Metaspace       used 15356K, capacity 15656K, committed 15768K, reserved 16688K
}

